\BOOKMARK [0][-]{Doc-Start}{Abstract}{}% 1
\BOOKMARK [0][-]{chapter*.1}{Acknowledgement}{}% 2
\BOOKMARK [0][-]{chapter.1}{Introduction}{}% 3
\BOOKMARK [1][-]{section.1.1}{Outline of Main Results}{chapter.1}% 4
\BOOKMARK [1][-]{section.1.2}{Structure of the Thesis}{chapter.1}% 5
\BOOKMARK [0][-]{chapter.2}{Classical Results of the MCF}{}% 6
\BOOKMARK [1][-]{section.2.1}{Maximum Principles and Preliminary Geometric Identities}{chapter.2}% 7
\BOOKMARK [1][-]{section.2.2}{Evolution Equations for Geometric Quantities}{chapter.2}% 8
\BOOKMARK [1][-]{section.2.3}{Preservation of the convexity and the pinching condition}{chapter.2}% 9
\BOOKMARK [1][-]{section.2.4}{Stampacchia's iteration}{chapter.2}% 10
\BOOKMARK [1][-]{section.2.5}{Further Generalizations}{chapter.2}% 11
\BOOKMARK [0][-]{chapter.3}{Free Boundary MCF in Riemannian Manifolds}{}% 12
\BOOKMARK [1][-]{section.3.1}{Definitions and Notations}{chapter.3}% 13
\BOOKMARK [1][-]{section.3.2}{Covariant Formulation of the Mean Curvature Flow}{chapter.3}% 14
\BOOKMARK [2][-]{subsection.3.2.1}{Subbundles}{section.3.2}% 15
\BOOKMARK [2][-]{subsection.3.2.2}{Time-dependent Immersion}{section.3.2}% 16
\BOOKMARK [1][-]{section.3.3}{Boundary Derivatives}{chapter.3}% 17
\BOOKMARK [1][-]{section.3.4}{Stampacchia's Iteration}{chapter.3}% 18
\BOOKMARK [2][-]{subsection.3.4.1}{Michael-Simon with free boundary}{section.3.4}% 19
\BOOKMARK [2][-]{subsection.3.4.2}{Main theorem and the idea of proof}{section.3.4}% 20
\BOOKMARK [2][-]{subsection.3.4.3}{Boundary Integral Estimate}{section.3.4}% 21
\BOOKMARK [2][-]{subsection.3.4.4}{Higher Lp bound}{section.3.4}% 22
\BOOKMARK [2][-]{subsection.3.4.5}{Iteration Scheme and the Uniform bound}{section.3.4}% 23
\BOOKMARK [0][-]{appendix.A}{Equation Derivation}{}% 24
\BOOKMARK [0][-]{appendix.A}{Bibliography}{}% 25
